<?xml version="1.0" ?>
<coverage version="7.6.1" timestamp="1731128375361" lines-valid="14" lines-covered="6" line-rate="0.4286" branches-valid="0" branches-covered="0" branch-rate="1" complexity="0">
	<!-- Generated by coverage.py: https://coverage.readthedocs.io/en/7.6.1 -->
	<!-- Based on https://raw.githubusercontent.com/cobertura/web/master/htdocs/xml/coverage-04.dtd -->
	<sources>
		<source>/home/julio/PolarStar</source>
		<source>/home/julio/PolarStar/tests</source>
	</sources>
	<packages>
		<package name="src.polarstar" line-rate="0.6" branch-rate="1" complexity="0">
			<classes>
				<class name="__init__.py" filename="src/polarstar/__init__.py" complexity="0" line-rate="1" branch-rate="1">
					<methods/>
					<lines/>
				</class>
				<class name="__main__.py" filename="src/polarstar/__main__.py" complexity="0" line-rate="0.6" branch-rate="1">
					<methods/>
					<lines>
						<line number="3" hits="0"/>
						<line number="6" hits="1"/>
						<line number="7" hits="1"/>
						<line number="8" hits="1"/>
						<line number="12" hits="0"/>
					</lines>
				</class>
			</classes>
		</package>
		<package name="tests" line-rate="0.3333" branch-rate="1" complexity="0">
			<classes>
				<class name="__init__.py" filename="tests/__init__.py" complexity="0" line-rate="1" branch-rate="1">
					<methods/>
					<lines/>
				</class>
				<class name="test_main.py" filename="tests/test_main.py" complexity="0" line-rate="0.3333" branch-rate="1">
					<methods/>
					<lines>
						<line number="3" hits="1"/>
						<line number="4" hits="0"/>
						<line number="6" hits="0"/>
						<line number="9" hits="1"/>
						<line number="10" hits="0"/>
						<line number="12" hits="0"/>
						<line number="15" hits="0"/>
						<line number="17" hits="1"/>
						<line number="18" hits="0"/>
					</lines>
				</class>
			</classes>
		</package>
	</packages>
</coverage>
